<?xml version="1.0" encoding="UTF-8"?>
<testsuite xmlns:xsi="http://www.w3.org/2001/XMLSchema-instance" xsi:noNamespaceSchemaLocation="https://maven.apache.org/surefire/maven-surefire-plugin/xsd/surefire-test-report-3.0.xsd" version="3.0" name="com.udacity.catpoint.security.service.SecurityServiceTest" time="0.853" tests="12" errors="0" skipped="0" failures="0">
  <properties>
    <property name="java.specification.version" value="15"/>
    <property name="sun.cpu.isalist" value="amd64"/>
    <property name="sun.jnu.encoding" value="Cp1252"/>
    <property name="java.class.path" value="C:\BETTY\UDACITY NANODEGREES\JEPSY - JAVA\JavaAppDeploymentProject\security\target\test-classes;C:\Users\savio\.m2\repository\software\amazon\awssdk\annotations\2.17.87\annotations-2.17.87.jar;C:\Users\savio\.m2\repository\software\amazon\awssdk\utils\2.17.87\utils-2.17.87.jar;C:\Users\savio\.m2\repository\org\reactivestreams\reactive-streams\1.0.3\reactive-streams-1.0.3.jar;C:\Users\savio\.m2\repository\software\amazon\awssdk\profiles\2.17.87\profiles-2.17.87.jar;C:\Users\savio\.m2\repository\software\amazon\awssdk\http-client-spi\2.17.87\http-client-spi-2.17.87.jar;C:\Users\savio\.m2\repository\software\amazon\awssdk\json-utils\2.17.87\json-utils-2.17.87.jar;C:\Users\savio\.m2\repository\software\amazon\awssdk\third-party-jackson-core\2.17.87\third-party-jackson-core-2.17.87.jar;C:\Users\savio\.m2\repository\software\amazon\eventstream\eventstream\1.0.1\eventstream-1.0.1.jar;C:\Users\savio\.m2\repository\software\amazon\awssdk\aws-json-protocol\2.17.71\aws-json-protocol-2.17.71.jar;C:\Users\savio\.m2\repository\software\amazon\awssdk\protocol-core\2.17.71\protocol-core-2.17.71.jar;C:\Users\savio\.m2\repository\software\amazon\awssdk\aws-core\2.17.71\aws-core-2.17.71.jar;C:\Users\savio\.m2\repository\software\amazon\awssdk\metrics-spi\2.17.71\metrics-spi-2.17.71.jar;C:\Users\savio\.m2\repository\software\amazon\awssdk\apache-client\2.17.71\apache-client-2.17.71.jar;C:\Users\savio\.m2\repository\org\apache\httpcomponents\httpclient\4.5.13\httpclient-4.5.13.jar;C:\Users\savio\.m2\repository\commons-logging\commons-logging\1.2\commons-logging-1.2.jar;C:\Users\savio\.m2\repository\commons-codec\commons-codec\1.11\commons-codec-1.11.jar;C:\Users\savio\.m2\repository\org\apache\httpcomponents\httpcore\4.4.11\httpcore-4.4.11.jar;C:\Users\savio\.m2\repository\software\amazon\awssdk\netty-nio-client\2.17.71\netty-nio-client-2.17.71.jar;C:\Users\savio\.m2\repository\io\netty\netty-codec-http\4.1.68.Final\netty-codec-http-4.1.68.Final.jar;C:\Users\savio\.m2\repository\io\netty\netty-codec-http2\4.1.68.Final\netty-codec-http2-4.1.68.Final.jar;C:\Users\savio\.m2\repository\io\netty\netty-codec\4.1.68.Final\netty-codec-4.1.68.Final.jar;C:\Users\savio\.m2\repository\io\netty\netty-transport\4.1.68.Final\netty-transport-4.1.68.Final.jar;C:\Users\savio\.m2\repository\io\netty\netty-resolver\4.1.68.Final\netty-resolver-4.1.68.Final.jar;C:\Users\savio\.m2\repository\io\netty\netty-common\4.1.68.Final\netty-common-4.1.68.Final.jar;C:\Users\savio\.m2\repository\io\netty\netty-buffer\4.1.68.Final\netty-buffer-4.1.68.Final.jar;C:\Users\savio\.m2\repository\io\netty\netty-handler\4.1.68.Final\netty-handler-4.1.68.Final.jar;C:\Users\savio\.m2\repository\io\netty\netty-transport-native-epoll\4.1.68.Final\netty-transport-native-epoll-4.1.68.Final-linux-x86_64.jar;C:\Users\savio\.m2\repository\io\netty\netty-transport-native-unix-common\4.1.68.Final\netty-transport-native-unix-common-4.1.68.Final.jar;C:\Users\savio\.m2\repository\com\typesafe\netty\netty-reactive-streams-http\2.0.5\netty-reactive-streams-http-2.0.5.jar;C:\Users\savio\.m2\repository\com\typesafe\netty\netty-reactive-streams\2.0.5\netty-reactive-streams-2.0.5.jar;C:\Users\savio\.m2\repository\com\github\jai-imageio\jai-imageio-core\1.3.0\jai-imageio-core-1.3.0.jar;C:\Users\savio\.m2\repository\com\google\guava\failureaccess\1.0.1\failureaccess-1.0.1.jar;C:\Users\savio\.m2\repository\com\google\guava\listenablefuture\9999.0-empty-to-avoid-conflict-with-guava\listenablefuture-9999.0-empty-to-avoid-conflict-with-guava.jar;C:\Users\savio\.m2\repository\com\google\code\findbugs\jsr305\3.0.2\jsr305-3.0.2.jar;C:\Users\savio\.m2\repository\org\checkerframework\checker-qual\3.12.0\checker-qual-3.12.0.jar;C:\Users\savio\.m2\repository\com\google\errorprone\error_prone_annotations\2.7.1\error_prone_annotations-2.7.1.jar;C:\Users\savio\.m2\repository\com\google\j2objc\j2objc-annotations\1.3\j2objc-annotations-1.3.jar;C:\Users\savio\.m2\repository\org\junit\jupiter\junit-jupiter-api\5.7.0\junit-jupiter-api-5.7.0.jar;C:\Users\savio\.m2\repository\org\apiguardian\apiguardian-api\1.1.0\apiguardian-api-1.1.0.jar;C:\Users\savio\.m2\repository\org\opentest4j\opentest4j\1.2.0\opentest4j-1.2.0.jar;C:\Users\savio\.m2\repository\org\junit\platform\junit-platform-commons\1.7.0\junit-platform-commons-1.7.0.jar;C:\Users\savio\.m2\repository\org\junit\jupiter\junit-jupiter-engine\5.7.0\junit-jupiter-engine-5.7.0.jar;C:\Users\savio\.m2\repository\org\junit\platform\junit-platform-engine\1.7.0\junit-platform-engine-1.7.0.jar;C:\Users\savio\.m2\repository\org\junit\jupiter\junit-jupiter-params\5.7.0\junit-jupiter-params-5.7.0.jar;C:\Users\savio\.m2\repository\org\mockito\mockito-junit-jupiter\3.6.0\mockito-junit-jupiter-3.6.0.jar;C:\Users\savio\.m2\repository\org\mockito\mockito-core\4.2.0\mockito-core-4.2.0.jar;C:\Users\savio\.m2\repository\net\bytebuddy\byte-buddy\1.12.4\byte-buddy-1.12.4.jar;C:\Users\savio\.m2\repository\net\bytebuddy\byte-buddy-agent\1.12.4\byte-buddy-agent-1.12.4.jar;C:\Users\savio\.m2\repository\org\objenesis\objenesis\3.2\objenesis-3.2.jar;"/>
    <property name="java.vm.vendor" value="Oracle Corporation"/>
    <property name="sun.arch.data.model" value="64"/>
    <property name="user.variant" value=""/>
    <property name="java.vendor.url" value="https://java.oracle.com/"/>
    <property name="user.timezone" value="Australia/Sydney"/>
    <property name="os.name" value="Windows 10"/>
    <property name="java.vm.specification.version" value="15"/>
    <property name="sun.java.launcher" value="SUN_STANDARD"/>
    <property name="user.country" value="AU"/>
    <property name="sun.boot.library.path" value="C:\Program Files\Java\jdk-15.0.2\bin"/>
    <property name="sun.java.command" value="org.apache.maven.surefire.booter.ForkedBooter C:\Users\savio\AppData\Local\Temp\surefire10506538924478685159 2022-01-14T22-31-13_221-jvmRun1 surefire17594108717792004650tmp surefire_012138198013145078576tmp"/>
    <property name="jdk.debug" value="release"/>
    <property name="surefire.test.class.path" value="C:\BETTY\UDACITY NANODEGREES\JEPSY - JAVA\JavaAppDeploymentProject\security\target\test-classes;C:\Users\savio\.m2\repository\software\amazon\awssdk\annotations\2.17.87\annotations-2.17.87.jar;C:\Users\savio\.m2\repository\software\amazon\awssdk\utils\2.17.87\utils-2.17.87.jar;C:\Users\savio\.m2\repository\org\reactivestreams\reactive-streams\1.0.3\reactive-streams-1.0.3.jar;C:\Users\savio\.m2\repository\software\amazon\awssdk\profiles\2.17.87\profiles-2.17.87.jar;C:\Users\savio\.m2\repository\software\amazon\awssdk\http-client-spi\2.17.87\http-client-spi-2.17.87.jar;C:\Users\savio\.m2\repository\software\amazon\awssdk\json-utils\2.17.87\json-utils-2.17.87.jar;C:\Users\savio\.m2\repository\software\amazon\awssdk\third-party-jackson-core\2.17.87\third-party-jackson-core-2.17.87.jar;C:\Users\savio\.m2\repository\software\amazon\eventstream\eventstream\1.0.1\eventstream-1.0.1.jar;C:\Users\savio\.m2\repository\software\amazon\awssdk\aws-json-protocol\2.17.71\aws-json-protocol-2.17.71.jar;C:\Users\savio\.m2\repository\software\amazon\awssdk\protocol-core\2.17.71\protocol-core-2.17.71.jar;C:\Users\savio\.m2\repository\software\amazon\awssdk\aws-core\2.17.71\aws-core-2.17.71.jar;C:\Users\savio\.m2\repository\software\amazon\awssdk\metrics-spi\2.17.71\metrics-spi-2.17.71.jar;C:\Users\savio\.m2\repository\software\amazon\awssdk\apache-client\2.17.71\apache-client-2.17.71.jar;C:\Users\savio\.m2\repository\org\apache\httpcomponents\httpclient\4.5.13\httpclient-4.5.13.jar;C:\Users\savio\.m2\repository\commons-logging\commons-logging\1.2\commons-logging-1.2.jar;C:\Users\savio\.m2\repository\commons-codec\commons-codec\1.11\commons-codec-1.11.jar;C:\Users\savio\.m2\repository\org\apache\httpcomponents\httpcore\4.4.11\httpcore-4.4.11.jar;C:\Users\savio\.m2\repository\software\amazon\awssdk\netty-nio-client\2.17.71\netty-nio-client-2.17.71.jar;C:\Users\savio\.m2\repository\io\netty\netty-codec-http\4.1.68.Final\netty-codec-http-4.1.68.Final.jar;C:\Users\savio\.m2\repository\io\netty\netty-codec-http2\4.1.68.Final\netty-codec-http2-4.1.68.Final.jar;C:\Users\savio\.m2\repository\io\netty\netty-codec\4.1.68.Final\netty-codec-4.1.68.Final.jar;C:\Users\savio\.m2\repository\io\netty\netty-transport\4.1.68.Final\netty-transport-4.1.68.Final.jar;C:\Users\savio\.m2\repository\io\netty\netty-resolver\4.1.68.Final\netty-resolver-4.1.68.Final.jar;C:\Users\savio\.m2\repository\io\netty\netty-common\4.1.68.Final\netty-common-4.1.68.Final.jar;C:\Users\savio\.m2\repository\io\netty\netty-buffer\4.1.68.Final\netty-buffer-4.1.68.Final.jar;C:\Users\savio\.m2\repository\io\netty\netty-handler\4.1.68.Final\netty-handler-4.1.68.Final.jar;C:\Users\savio\.m2\repository\io\netty\netty-transport-native-epoll\4.1.68.Final\netty-transport-native-epoll-4.1.68.Final-linux-x86_64.jar;C:\Users\savio\.m2\repository\io\netty\netty-transport-native-unix-common\4.1.68.Final\netty-transport-native-unix-common-4.1.68.Final.jar;C:\Users\savio\.m2\repository\com\typesafe\netty\netty-reactive-streams-http\2.0.5\netty-reactive-streams-http-2.0.5.jar;C:\Users\savio\.m2\repository\com\typesafe\netty\netty-reactive-streams\2.0.5\netty-reactive-streams-2.0.5.jar;C:\Users\savio\.m2\repository\com\github\jai-imageio\jai-imageio-core\1.3.0\jai-imageio-core-1.3.0.jar;C:\Users\savio\.m2\repository\com\google\guava\failureaccess\1.0.1\failureaccess-1.0.1.jar;C:\Users\savio\.m2\repository\com\google\guava\listenablefuture\9999.0-empty-to-avoid-conflict-with-guava\listenablefuture-9999.0-empty-to-avoid-conflict-with-guava.jar;C:\Users\savio\.m2\repository\com\google\code\findbugs\jsr305\3.0.2\jsr305-3.0.2.jar;C:\Users\savio\.m2\repository\org\checkerframework\checker-qual\3.12.0\checker-qual-3.12.0.jar;C:\Users\savio\.m2\repository\com\google\errorprone\error_prone_annotations\2.7.1\error_prone_annotations-2.7.1.jar;C:\Users\savio\.m2\repository\com\google\j2objc\j2objc-annotations\1.3\j2objc-annotations-1.3.jar;C:\Users\savio\.m2\repository\org\junit\jupiter\junit-jupiter-api\5.7.0\junit-jupiter-api-5.7.0.jar;C:\Users\savio\.m2\repository\org\apiguardian\apiguardian-api\1.1.0\apiguardian-api-1.1.0.jar;C:\Users\savio\.m2\repository\org\opentest4j\opentest4j\1.2.0\opentest4j-1.2.0.jar;C:\Users\savio\.m2\repository\org\junit\platform\junit-platform-commons\1.7.0\junit-platform-commons-1.7.0.jar;C:\Users\savio\.m2\repository\org\junit\jupiter\junit-jupiter-engine\5.7.0\junit-jupiter-engine-5.7.0.jar;C:\Users\savio\.m2\repository\org\junit\platform\junit-platform-engine\1.7.0\junit-platform-engine-1.7.0.jar;C:\Users\savio\.m2\repository\org\junit\jupiter\junit-jupiter-params\5.7.0\junit-jupiter-params-5.7.0.jar;C:\Users\savio\.m2\repository\org\mockito\mockito-junit-jupiter\3.6.0\mockito-junit-jupiter-3.6.0.jar;C:\Users\savio\.m2\repository\org\mockito\mockito-core\4.2.0\mockito-core-4.2.0.jar;C:\Users\savio\.m2\repository\net\bytebuddy\byte-buddy\1.12.4\byte-buddy-1.12.4.jar;C:\Users\savio\.m2\repository\net\bytebuddy\byte-buddy-agent\1.12.4\byte-buddy-agent-1.12.4.jar;C:\Users\savio\.m2\repository\org\objenesis\objenesis\3.2\objenesis-3.2.jar;"/>
    <property name="sun.cpu.endian" value="little"/>
    <property name="user.home" value="C:\Users\savio"/>
    <property name="user.language" value="en"/>
    <property name="java.specification.vendor" value="Oracle Corporation"/>
    <property name="jdk.module.path" value="C:\BETTY\UDACITY NANODEGREES\JEPSY - JAVA\JavaAppDeploymentProject\security\target\classes;C:\Users\savio\.m2\repository\com\miglayout\miglayout\3.7.4\miglayout-3.7.4.jar;C:\BETTY\UDACITY NANODEGREES\JEPSY - JAVA\JavaAppDeploymentProject\image\target\image-1.0-SNAPSHOT.jar;C:\Users\savio\.m2\repository\org\slf4j\slf4j-api\2.0.0-alpha4\slf4j-api-2.0.0-alpha4.jar;C:\Users\savio\.m2\repository\software\amazon\awssdk\auth\2.17.87\auth-2.17.87.jar;C:\Users\savio\.m2\repository\software\amazon\awssdk\sdk-core\2.17.87\sdk-core-2.17.87.jar;C:\Users\savio\.m2\repository\software\amazon\awssdk\regions\2.17.87\regions-2.17.87.jar;C:\Users\savio\.m2\repository\software\amazon\awssdk\rekognition\2.17.71\rekognition-2.17.71.jar;C:\Users\savio\.m2\repository\com\google\guava\guava\31.0.1-jre\guava-31.0.1-jre.jar;C:\Users\savio\.m2\repository\com\google\code\gson\gson\2.8.9\gson-2.8.9.jar"/>
    <property name="java.version.date" value="2021-01-19"/>
    <property name="java.home" value="C:\Program Files\Java\jdk-15.0.2"/>
    <property name="file.separator" value="\"/>
    <property name="basedir" value="C:\BETTY\UDACITY NANODEGREES\JEPSY - JAVA\JavaAppDeploymentProject\security"/>
    <property name="java.vm.compressedOopsMode" value="32-bit"/>
    <property name="line.separator" value="&#10;"/>
    <property name="java.vm.specification.vendor" value="Oracle Corporation"/>
    <property name="java.specification.name" value="Java Platform API Specification"/>
    <property name="surefire.real.class.path" value="C:\Users\savio\.m2\repository\org\apache\maven\surefire\surefire-booter\3.0.0-M5\surefire-booter-3.0.0-M5.jar;C:\Users\savio\.m2\repository\org\apache\maven\surefire\surefire-api\3.0.0-M5\surefire-api-3.0.0-M5.jar;C:\Users\savio\.m2\repository\org\apache\maven\surefire\surefire-logger-api\3.0.0-M5\surefire-logger-api-3.0.0-M5.jar;C:\Users\savio\.m2\repository\org\apache\maven\surefire\surefire-shared-utils\3.0.0-M4\surefire-shared-utils-3.0.0-M4.jar;C:\Users\savio\.m2\repository\org\apache\maven\surefire\surefire-extensions-spi\3.0.0-M5\surefire-extensions-spi-3.0.0-M5.jar;C:\BETTY\UDACITY NANODEGREES\JEPSY - JAVA\JavaAppDeploymentProject\security\target\test-classes;C:\Users\savio\.m2\repository\software\amazon\awssdk\annotations\2.17.87\annotations-2.17.87.jar;C:\Users\savio\.m2\repository\software\amazon\awssdk\utils\2.17.87\utils-2.17.87.jar;C:\Users\savio\.m2\repository\org\reactivestreams\reactive-streams\1.0.3\reactive-streams-1.0.3.jar;C:\Users\savio\.m2\repository\software\amazon\awssdk\profiles\2.17.87\profiles-2.17.87.jar;C:\Users\savio\.m2\repository\software\amazon\awssdk\http-client-spi\2.17.87\http-client-spi-2.17.87.jar;C:\Users\savio\.m2\repository\software\amazon\awssdk\json-utils\2.17.87\json-utils-2.17.87.jar;C:\Users\savio\.m2\repository\software\amazon\awssdk\third-party-jackson-core\2.17.87\third-party-jackson-core-2.17.87.jar;C:\Users\savio\.m2\repository\software\amazon\eventstream\eventstream\1.0.1\eventstream-1.0.1.jar;C:\Users\savio\.m2\repository\software\amazon\awssdk\aws-json-protocol\2.17.71\aws-json-protocol-2.17.71.jar;C:\Users\savio\.m2\repository\software\amazon\awssdk\protocol-core\2.17.71\protocol-core-2.17.71.jar;C:\Users\savio\.m2\repository\software\amazon\awssdk\aws-core\2.17.71\aws-core-2.17.71.jar;C:\Users\savio\.m2\repository\software\amazon\awssdk\metrics-spi\2.17.71\metrics-spi-2.17.71.jar;C:\Users\savio\.m2\repository\software\amazon\awssdk\apache-client\2.17.71\apache-client-2.17.71.jar;C:\Users\savio\.m2\repository\org\apache\httpcomponents\httpclient\4.5.13\httpclient-4.5.13.jar;C:\Users\savio\.m2\repository\commons-logging\commons-logging\1.2\commons-logging-1.2.jar;C:\Users\savio\.m2\repository\commons-codec\commons-codec\1.11\commons-codec-1.11.jar;C:\Users\savio\.m2\repository\org\apache\httpcomponents\httpcore\4.4.11\httpcore-4.4.11.jar;C:\Users\savio\.m2\repository\software\amazon\awssdk\netty-nio-client\2.17.71\netty-nio-client-2.17.71.jar;C:\Users\savio\.m2\repository\io\netty\netty-codec-http\4.1.68.Final\netty-codec-http-4.1.68.Final.jar;C:\Users\savio\.m2\repository\io\netty\netty-codec-http2\4.1.68.Final\netty-codec-http2-4.1.68.Final.jar;C:\Users\savio\.m2\repository\io\netty\netty-codec\4.1.68.Final\netty-codec-4.1.68.Final.jar;C:\Users\savio\.m2\repository\io\netty\netty-transport\4.1.68.Final\netty-transport-4.1.68.Final.jar;C:\Users\savio\.m2\repository\io\netty\netty-resolver\4.1.68.Final\netty-resolver-4.1.68.Final.jar;C:\Users\savio\.m2\repository\io\netty\netty-common\4.1.68.Final\netty-common-4.1.68.Final.jar;C:\Users\savio\.m2\repository\io\netty\netty-buffer\4.1.68.Final\netty-buffer-4.1.68.Final.jar;C:\Users\savio\.m2\repository\io\netty\netty-handler\4.1.68.Final\netty-handler-4.1.68.Final.jar;C:\Users\savio\.m2\repository\io\netty\netty-transport-native-epoll\4.1.68.Final\netty-transport-native-epoll-4.1.68.Final-linux-x86_64.jar;C:\Users\savio\.m2\repository\io\netty\netty-transport-native-unix-common\4.1.68.Final\netty-transport-native-unix-common-4.1.68.Final.jar;C:\Users\savio\.m2\repository\com\typesafe\netty\netty-reactive-streams-http\2.0.5\netty-reactive-streams-http-2.0.5.jar;C:\Users\savio\.m2\repository\com\typesafe\netty\netty-reactive-streams\2.0.5\netty-reactive-streams-2.0.5.jar;C:\Users\savio\.m2\repository\com\github\jai-imageio\jai-imageio-core\1.3.0\jai-imageio-core-1.3.0.jar;C:\Users\savio\.m2\repository\com\google\guava\failureaccess\1.0.1\failureaccess-1.0.1.jar;C:\Users\savio\.m2\repository\com\google\guava\listenablefuture\9999.0-empty-to-avoid-conflict-with-guava\listenablefuture-9999.0-empty-to-avoid-conflict-with-guava.jar;C:\Users\savio\.m2\repository\com\google\code\findbugs\jsr305\3.0.2\jsr305-3.0.2.jar;C:\Users\savio\.m2\repository\org\checkerframework\checker-qual\3.12.0\checker-qual-3.12.0.jar;C:\Users\savio\.m2\repository\com\google\errorprone\error_prone_annotations\2.7.1\error_prone_annotations-2.7.1.jar;C:\Users\savio\.m2\repository\com\google\j2objc\j2objc-annotations\1.3\j2objc-annotations-1.3.jar;C:\Users\savio\.m2\repository\org\junit\jupiter\junit-jupiter-api\5.7.0\junit-jupiter-api-5.7.0.jar;C:\Users\savio\.m2\repository\org\apiguardian\apiguardian-api\1.1.0\apiguardian-api-1.1.0.jar;C:\Users\savio\.m2\repository\org\opentest4j\opentest4j\1.2.0\opentest4j-1.2.0.jar;C:\Users\savio\.m2\repository\org\junit\platform\junit-platform-commons\1.7.0\junit-platform-commons-1.7.0.jar;C:\Users\savio\.m2\repository\org\junit\jupiter\junit-jupiter-engine\5.7.0\junit-jupiter-engine-5.7.0.jar;C:\Users\savio\.m2\repository\org\junit\platform\junit-platform-engine\1.7.0\junit-platform-engine-1.7.0.jar;C:\Users\savio\.m2\repository\org\junit\jupiter\junit-jupiter-params\5.7.0\junit-jupiter-params-5.7.0.jar;C:\Users\savio\.m2\repository\org\mockito\mockito-junit-jupiter\3.6.0\mockito-junit-jupiter-3.6.0.jar;C:\Users\savio\.m2\repository\org\mockito\mockito-core\4.2.0\mockito-core-4.2.0.jar;C:\Users\savio\.m2\repository\net\bytebuddy\byte-buddy\1.12.4\byte-buddy-1.12.4.jar;C:\Users\savio\.m2\repository\net\bytebuddy\byte-buddy-agent\1.12.4\byte-buddy-agent-1.12.4.jar;C:\Users\savio\.m2\repository\org\objenesis\objenesis\3.2\objenesis-3.2.jar;C:\Users\savio\.m2\repository\org\apache\maven\surefire\surefire-junit-platform\3.0.0-M5\surefire-junit-platform-3.0.0-M5.jar;C:\Users\savio\.m2\repository\org\apache\maven\surefire\common-java5\3.0.0-M5\common-java5-3.0.0-M5.jar;C:\Users\savio\.m2\repository\org\junit\platform\junit-platform-launcher\1.7.0\junit-platform-launcher-1.7.0.jar"/>
    <property name="user.script" value=""/>
    <property name="sun.management.compiler" value="HotSpot 64-Bit Tiered Compilers"/>
    <property name="java.runtime.version" value="15.0.2+7-27"/>
    <property name="user.name" value="savio"/>
    <property name="path.separator" value=";"/>
    <property name="os.version" value="10.0"/>
    <property name="java.runtime.name" value="Java(TM) SE Runtime Environment"/>
    <property name="file.encoding" value="Cp1252"/>
    <property name="java.vm.name" value="Java HotSpot(TM) 64-Bit Server VM"/>
    <property name="localRepository" value="C:\Users\savio\.m2\repository"/>
    <property name="java.vendor.url.bug" value="https://bugreport.java.com/bugreport/"/>
    <property name="java.io.tmpdir" value="C:\Users\savio\AppData\Local\Temp\"/>
    <property name="idea.version" value="2021.2.3"/>
    <property name="java.version" value="15.0.2"/>
    <property name="user.dir" value="C:\BETTY\UDACITY NANODEGREES\JEPSY - JAVA\JavaAppDeploymentProject\security"/>
    <property name="os.arch" value="amd64"/>
    <property name="java.vm.specification.name" value="Java Virtual Machine Specification"/>
    <property name="sun.os.patch.level" value=""/>
    <property name="java.library.path" value="C:\Program Files\Java\jdk-15.0.2\bin;C:\WINDOWS\Sun\Java\bin;C:\WINDOWS\system32;C:\WINDOWS;C:\Program Files\Common Files\Oracle\Java\javapath;C:\WINDOWS\system32;C:\WINDOWS;C:\WINDOWS\System32\Wbem;C:\WINDOWS\System32\WindowsPowerShell\v1.0\;C:\WINDOWS\System32\OpenSSH\;C:\Program Files (x86)\Intel\Intel(R) Management Engine Components\DAL;C:\Program Files\Intel\Intel(R) Management Engine Components\DAL;C:\Program Files\Git\cmd;C:\Program Files\nodejs\;C:\Program Files (x86)\Brackets\command;C:\Program Files\Java\jdk-15\bin;C:\ProgramData\apache-maven-3.8.1-bin\apache-maven-3.8.1\bin;C:\Users\savio\AppData\Local\Programs\Python\Python38\Scripts\;C:\Users\savio\AppData\Local\Programs\Python\Python38\;C:\Users\savio\AppData\Local\Microsoft\WindowsApps;C:\Program Files\JetBrains\PyCharm Community Edition 2019.3.3\bin;C:\Users\savio\AppData\Local\Programs\Microsoft VS Code\bin;C:\Users\savio\AppData\Local\GitHubDesktop\bin;C:\Users\savio\AppData\Roaming\npm;C:\Users\savio\AppData\Local\Microsoft\WindowsApps;;C:\Program Files\JetBrains\IntelliJ IDEA Community Edition 2021.2.3\bin;;."/>
    <property name="java.vm.info" value="mixed mode"/>
    <property name="java.vendor" value="Oracle Corporation"/>
    <property name="java.vm.version" value="15.0.2+7-27"/>
    <property name="sun.io.unicode.encoding" value="UnicodeLittle"/>
    <property name="java.class.version" value="59.0"/>
  </properties>
  <testcase name="checkIf_armedAlarmAndActivatedSensor_setAlarmStatsToPENDING_ALARM" classname="com.udacity.catpoint.security.service.SecurityServiceTest" time="0.643"/>
  <testcase name="checkIf_disarmedSystem_setAlarmStatusToNOALARM" classname="com.udacity.catpoint.security.service.SecurityServiceTest" time="0.002"/>
  <testcase name="checkIf_armedSystem_setAllSensorsToInactive(ArmingStatus)[1]" classname="com.udacity.catpoint.security.service.SecurityServiceTest" time="0.021"/>
  <testcase name="checkIf_armedSystem_setAllSensorsToInactive(ArmingStatus)[2]" classname="com.udacity.catpoint.security.service.SecurityServiceTest" time="0.004"/>
  <testcase name="checkIf_armedSystem_setAllSensorsToInactive(ArmingStatus)[3]" classname="com.udacity.catpoint.security.service.SecurityServiceTest" time="0.002"/>
  <testcase name="checkIf_alarmArmedAndActivatedSensorAndPendingAlarmSystem_setAlarmStatusToALARM" classname="com.udacity.catpoint.security.service.SecurityServiceTest" time="0.003"/>
  <testcase name="checkIf_armedHomeAndCatDetected_setAlarmToALARM" classname="com.udacity.catpoint.security.service.SecurityServiceTest" time="0.122"/>
  <testcase name="checkIf_activateAlreadyActivateSensorAndAlarmStatusPending_setAlarmStateToALARM" classname="com.udacity.catpoint.security.service.SecurityServiceTest" time="0.003"/>
  <testcase name="checkIf_nonCatImageDetectedAndSensorsNotActive_setAlarmStatusToNOALARM" classname="com.udacity.catpoint.security.service.SecurityServiceTest" time="0.004"/>
  <testcase name="checkIf_armedHomeAndCatIdentified_setAlarmStatusIntoALARM" classname="com.udacity.catpoint.security.service.SecurityServiceTest" time="0.002"/>
  <testcase name="checkIf_alarmStatusPendingAndSensorsInactive_setAlarmStatusToNO_ALARM" classname="com.udacity.catpoint.security.service.SecurityServiceTest" time="0.002"/>
  <testcase name="checkIf_activeAlarmAndChangeSensorActivationStatus_noChangeToAlarmState" classname="com.udacity.catpoint.security.service.SecurityServiceTest" time="0.002"/>
</testsuite>